[0.179s] DEBUG:colcon:Command line arguments: ['/usr/bin/colcon', 'build']
[0.180s] DEBUG:colcon:Parsed command line arguments: Namespace(log_base=None, log_level=None, verb_name='build', build_base='build', install_base='install', merge_install=False, symlink_install=False, test_result_base=None, continue_on_error=False, executor='parallel', parallel_workers=8, event_handlers=None, ignore_user_meta=False, metas=['./colcon.meta'], base_paths=['.'], packages_ignore=None, packages_ignore_regex=None, paths=None, packages_up_to=None, packages_up_to_regex=None, packages_above=None, packages_above_and_dependencies=None, packages_above_depth=None, packages_select_by_dep=None, packages_skip_by_dep=None, packages_skip_up_to=None, packages_select_build_failed=False, packages_skip_build_finished=False, packages_select_test_failures=False, packages_skip_test_passed=False, packages_select=None, packages_skip=None, packages_select_regex=None, packages_skip_regex=None, packages_start=None, packages_end=None, cmake_args=None, cmake_target=None, cmake_target_skip_unavailable=False, cmake_clean_cache=False, cmake_clean_first=False, cmake_force_configure=False, ament_cmake_args=None, catkin_cmake_args=None, catkin_skip_building_tests=False, mixin_files=None, mixin=None, verb_parser=<colcon_mixin.mixin.mixin_argument.MixinArgumentDecorator object at 0x7fd31e222b30>, verb_extension=<colcon_core.verb.build.BuildVerb object at 0x7fd31e2223b0>, main=<bound method BuildVerb.main of <colcon_core.verb.build.BuildVerb object at 0x7fd31e2223b0>>, mixin_verb=('build',))
[0.376s] Level 1:colcon.colcon_core.package_discovery:discover_packages(colcon_meta) check parameters
[0.376s] Level 1:colcon.colcon_core.package_discovery:discover_packages(recursive) check parameters
[0.376s] Level 1:colcon.colcon_core.package_discovery:discover_packages(ignore) check parameters
[0.376s] Level 1:colcon.colcon_core.package_discovery:discover_packages(path) check parameters
[0.376s] Level 1:colcon.colcon_core.package_discovery:discover_packages(colcon_meta) discover
[0.376s] Level 1:colcon.colcon_core.package_discovery:discover_packages(recursive) discover
[0.376s] INFO:colcon.colcon_core.package_discovery:Crawling recursively for packages in '/home/student/ros2_ws/src/p2_kf_adr'
[0.376s] Level 1:colcon.colcon_core.package_identification:_identify(.) by extensions ['ignore', 'ignore_ament_install']
[0.376s] Level 1:colcon.colcon_core.package_identification:_identify(.) by extension 'ignore'
[0.376s] Level 1:colcon.colcon_core.package_identification:_identify(.) by extension 'ignore_ament_install'
[0.376s] Level 1:colcon.colcon_core.package_identification:_identify(.) by extensions ['colcon_pkg']
[0.377s] Level 1:colcon.colcon_core.package_identification:_identify(.) by extension 'colcon_pkg'
[0.377s] Level 1:colcon.colcon_core.package_identification:_identify(.) by extensions ['colcon_meta']
[0.377s] Level 1:colcon.colcon_core.package_identification:_identify(.) by extension 'colcon_meta'
[0.377s] Level 1:colcon.colcon_core.package_identification:_identify(.) by extensions ['ros']
[0.377s] Level 1:colcon.colcon_core.package_identification:_identify(.) by extension 'ros'
[0.400s] DEBUG:colcon.colcon_core.package_identification:Package '.' with type 'ros.ament_python' and name 'p2_kf_adr'
[0.400s] Level 1:colcon.colcon_core.package_discovery:discover_packages(recursive) using defaults
[0.400s] Level 1:colcon.colcon_core.package_discovery:discover_packages(ignore) discover
[0.400s] Level 1:colcon.colcon_core.package_discovery:discover_packages(ignore) using defaults
[0.400s] Level 1:colcon.colcon_core.package_discovery:discover_packages(path) discover
[0.400s] Level 1:colcon.colcon_core.package_discovery:discover_packages(path) using defaults
[0.428s] Level 5:colcon.colcon_core.verb:set package 'p2_kf_adr' build argument 'cmake_args' from command line to 'None'
[0.428s] Level 5:colcon.colcon_core.verb:set package 'p2_kf_adr' build argument 'cmake_target' from command line to 'None'
[0.428s] Level 5:colcon.colcon_core.verb:set package 'p2_kf_adr' build argument 'cmake_target_skip_unavailable' from command line to 'False'
[0.428s] Level 5:colcon.colcon_core.verb:set package 'p2_kf_adr' build argument 'cmake_clean_cache' from command line to 'False'
[0.428s] Level 5:colcon.colcon_core.verb:set package 'p2_kf_adr' build argument 'cmake_clean_first' from command line to 'False'
[0.428s] Level 5:colcon.colcon_core.verb:set package 'p2_kf_adr' build argument 'cmake_force_configure' from command line to 'False'
[0.428s] Level 5:colcon.colcon_core.verb:set package 'p2_kf_adr' build argument 'ament_cmake_args' from command line to 'None'
[0.428s] Level 5:colcon.colcon_core.verb:set package 'p2_kf_adr' build argument 'catkin_cmake_args' from command line to 'None'
[0.428s] Level 5:colcon.colcon_core.verb:set package 'p2_kf_adr' build argument 'catkin_skip_building_tests' from command line to 'False'
[0.428s] DEBUG:colcon.colcon_core.verb:Building package 'p2_kf_adr' with the following arguments: {'ament_cmake_args': None, 'build_base': '/home/student/ros2_ws/src/p2_kf_adr/build/p2_kf_adr', 'catkin_cmake_args': None, 'catkin_skip_building_tests': False, 'cmake_args': None, 'cmake_clean_cache': False, 'cmake_clean_first': False, 'cmake_force_configure': False, 'cmake_target': None, 'cmake_target_skip_unavailable': False, 'install_base': '/home/student/ros2_ws/src/p2_kf_adr/install/p2_kf_adr', 'merge_install': False, 'path': '/home/student/ros2_ws/src/p2_kf_adr', 'symlink_install': False, 'test_result_base': None}
[0.428s] INFO:colcon.colcon_core.executor:Executing jobs using 'parallel' executor
[0.435s] DEBUG:colcon.colcon_parallel_executor.executor.parallel:run_until_complete
[0.436s] INFO:colcon.colcon_ros.task.ament_python.build:Building ROS package in '/home/student/ros2_ws/src/p2_kf_adr' with build type 'ament_python'
[0.437s] Level 1:colcon.colcon_core.shell:create_environment_hook('p2_kf_adr', 'ament_prefix_path')
[0.453s] INFO:colcon.colcon_core.plugin_system:Skipping extension 'colcon_core.shell.bat': Not used on non-Windows systems
[0.454s] INFO:colcon.colcon_core.shell:Creating environment hook '/home/student/ros2_ws/src/p2_kf_adr/install/p2_kf_adr/share/p2_kf_adr/hook/ament_prefix_path.ps1'
[0.455s] INFO:colcon.colcon_core.shell:Creating environment descriptor '/home/student/ros2_ws/src/p2_kf_adr/install/p2_kf_adr/share/p2_kf_adr/hook/ament_prefix_path.dsv'
[0.455s] INFO:colcon.colcon_core.shell:Creating environment hook '/home/student/ros2_ws/src/p2_kf_adr/install/p2_kf_adr/share/p2_kf_adr/hook/ament_prefix_path.sh'
[0.456s] INFO:colcon.colcon_core.shell:Skip shell extension 'powershell' for command environment: Not usable outside of PowerShell
[0.457s] DEBUG:colcon.colcon_core.shell:Skip shell extension 'dsv' for command environment
[0.852s] INFO:colcon.colcon_core.task.python.build:Building Python package in '/home/student/ros2_ws/src/p2_kf_adr'
[0.852s] INFO:colcon.colcon_core.shell:Skip shell extension 'powershell' for command environment: Not usable outside of PowerShell
[0.852s] DEBUG:colcon.colcon_core.shell:Skip shell extension 'dsv' for command environment
[1.481s] DEBUG:colcon.colcon_core.event_handler.log_command:Invoking command in '/home/student/ros2_ws/src/p2_kf_adr': PYTHONPATH=/home/student/ros2_ws/src/p2_kf_adr/build/p2_kf_adr/prefix_override:/usr/lib/python3/dist-packages/colcon_core/task/python/colcon_distutils_commands:/home/student/ros2_ws/src/p2_kf_adr/install/p2_kf_adr/lib/python3.10/site-packages:${PYTHONPATH} /usr/bin/python3 -W ignore:setup.py install is deprecated -W ignore:easy_install command is deprecated setup.py egg_info --egg-base build/p2_kf_adr build --build-base /home/student/ros2_ws/src/p2_kf_adr/build/p2_kf_adr/build install --record /home/student/ros2_ws/src/p2_kf_adr/build/p2_kf_adr/install.log --single-version-externally-managed install_data
[1.959s] DEBUG:colcon.colcon_core.event_handler.log_command:Invoked command in '/home/student/ros2_ws/src/p2_kf_adr' returned '0': PYTHONPATH=/home/student/ros2_ws/src/p2_kf_adr/build/p2_kf_adr/prefix_override:/usr/lib/python3/dist-packages/colcon_core/task/python/colcon_distutils_commands:/home/student/ros2_ws/src/p2_kf_adr/install/p2_kf_adr/lib/python3.10/site-packages:${PYTHONPATH} /usr/bin/python3 -W ignore:setup.py install is deprecated -W ignore:easy_install command is deprecated setup.py egg_info --egg-base build/p2_kf_adr build --build-base /home/student/ros2_ws/src/p2_kf_adr/build/p2_kf_adr/build install --record /home/student/ros2_ws/src/p2_kf_adr/build/p2_kf_adr/install.log --single-version-externally-managed install_data
[1.962s] Level 1:colcon.colcon_core.environment:checking '/home/student/ros2_ws/src/p2_kf_adr/install/p2_kf_adr' for CMake module files
[1.962s] Level 1:colcon.colcon_core.environment:checking '/home/student/ros2_ws/src/p2_kf_adr/install/p2_kf_adr' for CMake config files
[1.963s] Level 1:colcon.colcon_core.environment:checking '/home/student/ros2_ws/src/p2_kf_adr/install/p2_kf_adr/lib'
[1.964s] Level 1:colcon.colcon_core.environment:checking '/home/student/ros2_ws/src/p2_kf_adr/install/p2_kf_adr/bin'
[1.964s] Level 1:colcon.colcon_core.environment:checking '/home/student/ros2_ws/src/p2_kf_adr/install/p2_kf_adr/lib/pkgconfig/p2_kf_adr.pc'
[1.965s] Level 1:colcon.colcon_core.environment:checking '/home/student/ros2_ws/src/p2_kf_adr/install/p2_kf_adr/lib/python3.10/site-packages'
[1.965s] Level 1:colcon.colcon_core.shell:create_environment_hook('p2_kf_adr', 'pythonpath')
[1.965s] INFO:colcon.colcon_core.shell:Creating environment hook '/home/student/ros2_ws/src/p2_kf_adr/install/p2_kf_adr/share/p2_kf_adr/hook/pythonpath.ps1'
[1.966s] INFO:colcon.colcon_core.shell:Creating environment descriptor '/home/student/ros2_ws/src/p2_kf_adr/install/p2_kf_adr/share/p2_kf_adr/hook/pythonpath.dsv'
[1.967s] INFO:colcon.colcon_core.shell:Creating environment hook '/home/student/ros2_ws/src/p2_kf_adr/install/p2_kf_adr/share/p2_kf_adr/hook/pythonpath.sh'
[1.967s] Level 1:colcon.colcon_core.environment:checking '/home/student/ros2_ws/src/p2_kf_adr/install/p2_kf_adr/bin'
[1.968s] Level 1:colcon.colcon_core.environment:create_environment_scripts_only(p2_kf_adr)
[1.968s] INFO:colcon.colcon_core.shell:Creating package script '/home/student/ros2_ws/src/p2_kf_adr/install/p2_kf_adr/share/p2_kf_adr/package.ps1'
[1.969s] INFO:colcon.colcon_core.shell:Creating package descriptor '/home/student/ros2_ws/src/p2_kf_adr/install/p2_kf_adr/share/p2_kf_adr/package.dsv'
[1.970s] INFO:colcon.colcon_core.shell:Creating package script '/home/student/ros2_ws/src/p2_kf_adr/install/p2_kf_adr/share/p2_kf_adr/package.sh'
[1.970s] INFO:colcon.colcon_core.shell:Creating package script '/home/student/ros2_ws/src/p2_kf_adr/install/p2_kf_adr/share/p2_kf_adr/package.bash'
[1.971s] INFO:colcon.colcon_core.shell:Creating package script '/home/student/ros2_ws/src/p2_kf_adr/install/p2_kf_adr/share/p2_kf_adr/package.zsh'
[1.972s] Level 1:colcon.colcon_core.environment:create_file_with_runtime_dependencies(/home/student/ros2_ws/src/p2_kf_adr/install/p2_kf_adr/share/colcon-core/packages/p2_kf_adr)
[1.973s] DEBUG:colcon.colcon_parallel_executor.executor.parallel:closing loop
[1.973s] DEBUG:colcon.colcon_parallel_executor.executor.parallel:loop closed
[1.974s] DEBUG:colcon.colcon_parallel_executor.executor.parallel:run_until_complete finished with '0'
[1.974s] DEBUG:colcon.colcon_core.event_reactor:joining thread
[1.981s] INFO:colcon.colcon_core.plugin_system:Skipping extension 'colcon_notification.desktop_notification.terminal_notifier': Not used on non-Darwin systems
[1.981s] INFO:colcon.colcon_core.plugin_system:Skipping extension 'colcon_notification.desktop_notification.win32': Not used on non-Windows systems
[1.981s] INFO:colcon.colcon_notification.desktop_notification:Sending desktop notification using 'notify2'
[1.985s] DEBUG:colcon.colcon_notification.desktop_notification.notify2:Failed to initialize notify2: org.freedesktop.DBus.Error.Spawn.ExecFailed: /usr/bin/dbus-launch terminated abnormally without any error message
[1.986s] DEBUG:colcon.colcon_core.event_reactor:joined thread
[1.986s] INFO:colcon.colcon_core.shell:Creating prefix script '/home/student/ros2_ws/src/p2_kf_adr/install/local_setup.ps1'
[1.987s] INFO:colcon.colcon_core.shell:Creating prefix util module '/home/student/ros2_ws/src/p2_kf_adr/install/_local_setup_util_ps1.py'
[1.989s] INFO:colcon.colcon_core.shell:Creating prefix chain script '/home/student/ros2_ws/src/p2_kf_adr/install/setup.ps1'
[1.990s] INFO:colcon.colcon_core.shell:Creating prefix script '/home/student/ros2_ws/src/p2_kf_adr/install/local_setup.sh'
[1.991s] INFO:colcon.colcon_core.shell:Creating prefix util module '/home/student/ros2_ws/src/p2_kf_adr/install/_local_setup_util_sh.py'
[1.991s] INFO:colcon.colcon_core.shell:Creating prefix chain script '/home/student/ros2_ws/src/p2_kf_adr/install/setup.sh'
[1.994s] INFO:colcon.colcon_core.shell:Creating prefix script '/home/student/ros2_ws/src/p2_kf_adr/install/local_setup.bash'
[1.995s] INFO:colcon.colcon_core.shell:Creating prefix chain script '/home/student/ros2_ws/src/p2_kf_adr/install/setup.bash'
[1.996s] INFO:colcon.colcon_core.shell:Creating prefix script '/home/student/ros2_ws/src/p2_kf_adr/install/local_setup.zsh'
[1.997s] INFO:colcon.colcon_core.shell:Creating prefix chain script '/home/student/ros2_ws/src/p2_kf_adr/install/setup.zsh'
