[1.102s] Invoking command in '/home/student/ros2_ws/src/p2_kf_adr': PYTHONPATH=/home/student/ros2_ws/src/p2_kf_adr/build/p2_kf_adr/prefix_override:/usr/lib/python3/dist-packages/colcon_core/task/python/colcon_distutils_commands:/home/student/ros2_ws/src/p2_kf_adr/install/p2_kf_adr/lib/python3.10/site-packages:${PYTHONPATH} /usr/bin/python3 -W ignore:setup.py install is deprecated -W ignore:easy_install command is deprecated setup.py egg_info --egg-base build/p2_kf_adr build --build-base /home/student/ros2_ws/src/p2_kf_adr/build/p2_kf_adr/build install --record /home/student/ros2_ws/src/p2_kf_adr/build/p2_kf_adr/install.log --single-version-externally-managed install_data
[1.399s] running egg_info
[1.401s] writing build/p2_kf_adr/p2_kf_adr.egg-info/PKG-INFO
[1.403s] writing dependency_links to build/p2_kf_adr/p2_kf_adr.egg-info/dependency_links.txt
[1.403s] writing entry points to build/p2_kf_adr/p2_kf_adr.egg-info/entry_points.txt
[1.403s] writing requirements to build/p2_kf_adr/p2_kf_adr.egg-info/requires.txt
[1.404s] writing top-level names to build/p2_kf_adr/p2_kf_adr.egg-info/top_level.txt
[1.407s] reading manifest file 'build/p2_kf_adr/p2_kf_adr.egg-info/SOURCES.txt'
[1.409s] writing manifest file 'build/p2_kf_adr/p2_kf_adr.egg-info/SOURCES.txt'
[1.409s] running build
[1.409s] running build_py
[1.411s] copying p2_kf_adr/kf_estimation.py -> /home/student/ros2_ws/src/p2_kf_adr/build/p2_kf_adr/build/lib/p2_kf_adr
[1.411s] running install
[1.412s] running install_lib
[1.413s] copying /home/student/ros2_ws/src/p2_kf_adr/build/p2_kf_adr/build/lib/p2_kf_adr/kf_estimation.py -> /home/student/ros2_ws/src/p2_kf_adr/install/p2_kf_adr/lib/python3.10/site-packages/p2_kf_adr
[1.415s] byte-compiling /home/student/ros2_ws/src/p2_kf_adr/install/p2_kf_adr/lib/python3.10/site-packages/p2_kf_adr/kf_estimation.py to kf_estimation.cpython-310.pyc
[1.419s] running install_data
[1.419s] running install_egg_info
[1.427s] removing '/home/student/ros2_ws/src/p2_kf_adr/install/p2_kf_adr/lib/python3.10/site-packages/p2_kf_adr-0.0.0-py3.10.egg-info' (and everything under it)
[1.439s] Copying build/p2_kf_adr/p2_kf_adr.egg-info to /home/student/ros2_ws/src/p2_kf_adr/install/p2_kf_adr/lib/python3.10/site-packages/p2_kf_adr-0.0.0-py3.10.egg-info
[1.440s] running install_scripts
[1.477s] Installing kf_estimation script to /home/student/ros2_ws/src/p2_kf_adr/install/p2_kf_adr/lib/p2_kf_adr
[1.477s] Installing kf_estimation_vel script to /home/student/ros2_ws/src/p2_kf_adr/install/p2_kf_adr/lib/p2_kf_adr
[1.478s] writing list of installed files to '/home/student/ros2_ws/src/p2_kf_adr/build/p2_kf_adr/install.log'
[1.513s] Invoked command in '/home/student/ros2_ws/src/p2_kf_adr' returned '0': PYTHONPATH=/home/student/ros2_ws/src/p2_kf_adr/build/p2_kf_adr/prefix_override:/usr/lib/python3/dist-packages/colcon_core/task/python/colcon_distutils_commands:/home/student/ros2_ws/src/p2_kf_adr/install/p2_kf_adr/lib/python3.10/site-packages:${PYTHONPATH} /usr/bin/python3 -W ignore:setup.py install is deprecated -W ignore:easy_install command is deprecated setup.py egg_info --egg-base build/p2_kf_adr build --build-base /home/student/ros2_ws/src/p2_kf_adr/build/p2_kf_adr/build install --record /home/student/ros2_ws/src/p2_kf_adr/build/p2_kf_adr/install.log --single-version-externally-managed install_data
