[0.954s] Invoking command in '/home/student/ros2_ws/src/p2_kf_adr': PYTHONPATH=/home/student/ros2_ws/src/p2_kf_adr/build/p2_kf_adr/prefix_override:/usr/lib/python3/dist-packages/colcon_core/task/python/colcon_distutils_commands:/home/student/ros2_ws/src/p2_kf_adr/install/p2_kf_adr/lib/python3.10/site-packages:${PYTHONPATH} /usr/bin/python3 -W ignore:setup.py install is deprecated -W ignore:easy_install command is deprecated setup.py egg_info --egg-base build/p2_kf_adr build --build-base /home/student/ros2_ws/src/p2_kf_adr/build/p2_kf_adr/build install --record /home/student/ros2_ws/src/p2_kf_adr/build/p2_kf_adr/install.log --single-version-externally-managed install_data
[1.289s] running egg_info
[1.292s] writing build/p2_kf_adr/p2_kf_adr.egg-info/PKG-INFO
[1.305s] writing dependency_links to build/p2_kf_adr/p2_kf_adr.egg-info/dependency_links.txt
[1.306s] writing entry points to build/p2_kf_adr/p2_kf_adr.egg-info/entry_points.txt
[1.307s] writing requirements to build/p2_kf_adr/p2_kf_adr.egg-info/requires.txt
[1.308s] writing top-level names to build/p2_kf_adr/p2_kf_adr.egg-info/top_level.txt
[1.312s] reading manifest file 'build/p2_kf_adr/p2_kf_adr.egg-info/SOURCES.txt'
[1.315s] writing manifest file 'build/p2_kf_adr/p2_kf_adr.egg-info/SOURCES.txt'
[1.317s] running build
[1.317s] running build_py
[1.319s] copying p2_kf_adr/filters/kalman_filter.py -> /home/student/ros2_ws/src/p2_kf_adr/build/p2_kf_adr/build/lib/p2_kf_adr/filters
[1.321s] running install
[1.322s] running install_lib
[1.324s] copying /home/student/ros2_ws/src/p2_kf_adr/build/p2_kf_adr/build/lib/p2_kf_adr/filters/kalman_filter.py -> /home/student/ros2_ws/src/p2_kf_adr/install/p2_kf_adr/lib/python3.10/site-packages/p2_kf_adr/filters
[1.325s] byte-compiling /home/student/ros2_ws/src/p2_kf_adr/install/p2_kf_adr/lib/python3.10/site-packages/p2_kf_adr/filters/kalman_filter.py to kalman_filter.cpython-310.pyc
[1.326s] running install_data
[1.327s] running install_egg_info
[1.329s] removing '/home/student/ros2_ws/src/p2_kf_adr/install/p2_kf_adr/lib/python3.10/site-packages/p2_kf_adr-0.0.0-py3.10.egg-info' (and everything under it)
[1.329s] Copying build/p2_kf_adr/p2_kf_adr.egg-info to /home/student/ros2_ws/src/p2_kf_adr/install/p2_kf_adr/lib/python3.10/site-packages/p2_kf_adr-0.0.0-py3.10.egg-info
[1.330s] running install_scripts
[1.360s] Installing kf_estimation script to /home/student/ros2_ws/src/p2_kf_adr/install/p2_kf_adr/lib/p2_kf_adr
[1.360s] Installing kf_estimation_vel script to /home/student/ros2_ws/src/p2_kf_adr/install/p2_kf_adr/lib/p2_kf_adr
[1.361s] writing list of installed files to '/home/student/ros2_ws/src/p2_kf_adr/build/p2_kf_adr/install.log'
[1.397s] Invoked command in '/home/student/ros2_ws/src/p2_kf_adr' returned '0': PYTHONPATH=/home/student/ros2_ws/src/p2_kf_adr/build/p2_kf_adr/prefix_override:/usr/lib/python3/dist-packages/colcon_core/task/python/colcon_distutils_commands:/home/student/ros2_ws/src/p2_kf_adr/install/p2_kf_adr/lib/python3.10/site-packages:${PYTHONPATH} /usr/bin/python3 -W ignore:setup.py install is deprecated -W ignore:easy_install command is deprecated setup.py egg_info --egg-base build/p2_kf_adr build --build-base /home/student/ros2_ws/src/p2_kf_adr/build/p2_kf_adr/build install --record /home/student/ros2_ws/src/p2_kf_adr/build/p2_kf_adr/install.log --single-version-externally-managed install_data
