running egg_info
creating build/p2_kf_adr/p2_kf_adr.egg-info
writing build/p2_kf_adr/p2_kf_adr.egg-info/PKG-INFO
writing dependency_links to build/p2_kf_adr/p2_kf_adr.egg-info/dependency_links.txt
writing entry points to build/p2_kf_adr/p2_kf_adr.egg-info/entry_points.txt
writing requirements to build/p2_kf_adr/p2_kf_adr.egg-info/requires.txt
writing top-level names to build/p2_kf_adr/p2_kf_adr.egg-info/top_level.txt
writing manifest file 'build/p2_kf_adr/p2_kf_adr.egg-info/SOURCES.txt'
reading manifest file 'build/p2_kf_adr/p2_kf_adr.egg-info/SOURCES.txt'
writing manifest file 'build/p2_kf_adr/p2_kf_adr.egg-info/SOURCES.txt'
running build
running build_py
creating /home/student/ros2_ws/src/p2_kf_adr/build/p2_kf_adr/build
creating /home/student/ros2_ws/src/p2_kf_adr/build/p2_kf_adr/build/lib
creating /home/student/ros2_ws/src/p2_kf_adr/build/p2_kf_adr/build/lib/p2_kf_adr
copying p2_kf_adr/motion_models.py -> /home/student/ros2_ws/src/p2_kf_adr/build/p2_kf_adr/build/lib/p2_kf_adr
copying p2_kf_adr/kf_estimation.py -> /home/student/ros2_ws/src/p2_kf_adr/build/p2_kf_adr/build/lib/p2_kf_adr
copying p2_kf_adr/visualization.py -> /home/student/ros2_ws/src/p2_kf_adr/build/p2_kf_adr/build/lib/p2_kf_adr
copying p2_kf_adr/observation_models.py -> /home/student/ros2_ws/src/p2_kf_adr/build/p2_kf_adr/build/lib/p2_kf_adr
copying p2_kf_adr/kf_estimation_vel.py -> /home/student/ros2_ws/src/p2_kf_adr/build/p2_kf_adr/build/lib/p2_kf_adr
copying p2_kf_adr/sensor_utils.py -> /home/student/ros2_ws/src/p2_kf_adr/build/p2_kf_adr/build/lib/p2_kf_adr
copying p2_kf_adr/__init__.py -> /home/student/ros2_ws/src/p2_kf_adr/build/p2_kf_adr/build/lib/p2_kf_adr
creating /home/student/ros2_ws/src/p2_kf_adr/build/p2_kf_adr/build/lib/p2_kf_adr/filters
copying p2_kf_adr/filters/kalman_filter.py -> /home/student/ros2_ws/src/p2_kf_adr/build/p2_kf_adr/build/lib/p2_kf_adr/filters
copying p2_kf_adr/filters/__init__.py -> /home/student/ros2_ws/src/p2_kf_adr/build/p2_kf_adr/build/lib/p2_kf_adr/filters
running install
running install_lib
creating /home/student/ros2_ws/src/p2_kf_adr/install/p2_kf_adr/lib/python3.10/site-packages/p2_kf_adr
copying /home/student/ros2_ws/src/p2_kf_adr/build/p2_kf_adr/build/lib/p2_kf_adr/motion_models.py -> /home/student/ros2_ws/src/p2_kf_adr/install/p2_kf_adr/lib/python3.10/site-packages/p2_kf_adr
copying /home/student/ros2_ws/src/p2_kf_adr/build/p2_kf_adr/build/lib/p2_kf_adr/kf_estimation.py -> /home/student/ros2_ws/src/p2_kf_adr/install/p2_kf_adr/lib/python3.10/site-packages/p2_kf_adr
copying /home/student/ros2_ws/src/p2_kf_adr/build/p2_kf_adr/build/lib/p2_kf_adr/visualization.py -> /home/student/ros2_ws/src/p2_kf_adr/install/p2_kf_adr/lib/python3.10/site-packages/p2_kf_adr
copying /home/student/ros2_ws/src/p2_kf_adr/build/p2_kf_adr/build/lib/p2_kf_adr/observation_models.py -> /home/student/ros2_ws/src/p2_kf_adr/install/p2_kf_adr/lib/python3.10/site-packages/p2_kf_adr
copying /home/student/ros2_ws/src/p2_kf_adr/build/p2_kf_adr/build/lib/p2_kf_adr/kf_estimation_vel.py -> /home/student/ros2_ws/src/p2_kf_adr/install/p2_kf_adr/lib/python3.10/site-packages/p2_kf_adr
copying /home/student/ros2_ws/src/p2_kf_adr/build/p2_kf_adr/build/lib/p2_kf_adr/sensor_utils.py -> /home/student/ros2_ws/src/p2_kf_adr/install/p2_kf_adr/lib/python3.10/site-packages/p2_kf_adr
copying /home/student/ros2_ws/src/p2_kf_adr/build/p2_kf_adr/build/lib/p2_kf_adr/__init__.py -> /home/student/ros2_ws/src/p2_kf_adr/install/p2_kf_adr/lib/python3.10/site-packages/p2_kf_adr
creating /home/student/ros2_ws/src/p2_kf_adr/install/p2_kf_adr/lib/python3.10/site-packages/p2_kf_adr/filters
copying /home/student/ros2_ws/src/p2_kf_adr/build/p2_kf_adr/build/lib/p2_kf_adr/filters/kalman_filter.py -> /home/student/ros2_ws/src/p2_kf_adr/install/p2_kf_adr/lib/python3.10/site-packages/p2_kf_adr/filters
copying /home/student/ros2_ws/src/p2_kf_adr/build/p2_kf_adr/build/lib/p2_kf_adr/filters/__init__.py -> /home/student/ros2_ws/src/p2_kf_adr/install/p2_kf_adr/lib/python3.10/site-packages/p2_kf_adr/filters
byte-compiling /home/student/ros2_ws/src/p2_kf_adr/install/p2_kf_adr/lib/python3.10/site-packages/p2_kf_adr/motion_models.py to motion_models.cpython-310.pyc
byte-compiling /home/student/ros2_ws/src/p2_kf_adr/install/p2_kf_adr/lib/python3.10/site-packages/p2_kf_adr/kf_estimation.py to kf_estimation.cpython-310.pyc
byte-compiling /home/student/ros2_ws/src/p2_kf_adr/install/p2_kf_adr/lib/python3.10/site-packages/p2_kf_adr/visualization.py to visualization.cpython-310.pyc
byte-compiling /home/student/ros2_ws/src/p2_kf_adr/install/p2_kf_adr/lib/python3.10/site-packages/p2_kf_adr/observation_models.py to observation_models.cpython-310.pyc
byte-compiling /home/student/ros2_ws/src/p2_kf_adr/install/p2_kf_adr/lib/python3.10/site-packages/p2_kf_adr/kf_estimation_vel.py to kf_estimation_vel.cpython-310.pyc
byte-compiling /home/student/ros2_ws/src/p2_kf_adr/install/p2_kf_adr/lib/python3.10/site-packages/p2_kf_adr/sensor_utils.py to sensor_utils.cpython-310.pyc
byte-compiling /home/student/ros2_ws/src/p2_kf_adr/install/p2_kf_adr/lib/python3.10/site-packages/p2_kf_adr/__init__.py to __init__.cpython-310.pyc
byte-compiling /home/student/ros2_ws/src/p2_kf_adr/install/p2_kf_adr/lib/python3.10/site-packages/p2_kf_adr/filters/kalman_filter.py to kalman_filter.cpython-310.pyc
byte-compiling /home/student/ros2_ws/src/p2_kf_adr/install/p2_kf_adr/lib/python3.10/site-packages/p2_kf_adr/filters/__init__.py to __init__.cpython-310.pyc
running install_data
creating /home/student/ros2_ws/src/p2_kf_adr/install/p2_kf_adr/share/ament_index
creating /home/student/ros2_ws/src/p2_kf_adr/install/p2_kf_adr/share/ament_index/resource_index
creating /home/student/ros2_ws/src/p2_kf_adr/install/p2_kf_adr/share/ament_index/resource_index/packages
copying resource/p2_kf_adr -> /home/student/ros2_ws/src/p2_kf_adr/install/p2_kf_adr/share/ament_index/resource_index/packages
copying package.xml -> /home/student/ros2_ws/src/p2_kf_adr/install/p2_kf_adr/share/p2_kf_adr
running install_egg_info
Copying build/p2_kf_adr/p2_kf_adr.egg-info to /home/student/ros2_ws/src/p2_kf_adr/install/p2_kf_adr/lib/python3.10/site-packages/p2_kf_adr-0.0.0-py3.10.egg-info
running install_scripts
Installing kf_estimation script to /home/student/ros2_ws/src/p2_kf_adr/install/p2_kf_adr/lib/p2_kf_adr
Installing kf_estimation_vel script to /home/student/ros2_ws/src/p2_kf_adr/install/p2_kf_adr/lib/p2_kf_adr
writing list of installed files to '/home/student/ros2_ws/src/p2_kf_adr/build/p2_kf_adr/install.log'
