[0.801s] Invoking command in '/home/student/ros2_ws/src/p2_kf_adr': PYTHONPATH=/home/student/ros2_ws/src/p2_kf_adr/build/p2_kf_adr/prefix_override:/usr/lib/python3/dist-packages/colcon_core/task/python/colcon_distutils_commands:/home/student/ros2_ws/src/p2_kf_adr/install/p2_kf_adr/lib/python3.10/site-packages:${PYTHONPATH} /usr/bin/python3 -W ignore:setup.py install is deprecated -W ignore:easy_install command is deprecated setup.py egg_info --egg-base build/p2_kf_adr build --build-base /home/student/ros2_ws/src/p2_kf_adr/build/p2_kf_adr/build install --record /home/student/ros2_ws/src/p2_kf_adr/build/p2_kf_adr/install.log --single-version-externally-managed install_data
[1.076s] running egg_info
[1.079s] writing build/p2_kf_adr/p2_kf_adr.egg-info/PKG-INFO
[1.079s] writing dependency_links to build/p2_kf_adr/p2_kf_adr.egg-info/dependency_links.txt
[1.083s] writing entry points to build/p2_kf_adr/p2_kf_adr.egg-info/entry_points.txt
[1.083s] writing requirements to build/p2_kf_adr/p2_kf_adr.egg-info/requires.txt
[1.083s] writing top-level names to build/p2_kf_adr/p2_kf_adr.egg-info/top_level.txt
[1.085s] reading manifest file 'build/p2_kf_adr/p2_kf_adr.egg-info/SOURCES.txt'
[1.086s] writing manifest file 'build/p2_kf_adr/p2_kf_adr.egg-info/SOURCES.txt'
[1.087s] running build
[1.087s] running build_py
[1.087s] copying p2_kf_adr/kf_estimation.py -> /home/student/ros2_ws/src/p2_kf_adr/build/p2_kf_adr/build/lib/p2_kf_adr
[1.087s] copying p2_kf_adr/filters/kalman_filter.py -> /home/student/ros2_ws/src/p2_kf_adr/build/p2_kf_adr/build/lib/p2_kf_adr/filters
[1.088s] running install
[1.088s] running install_lib
[1.089s] copying /home/student/ros2_ws/src/p2_kf_adr/build/p2_kf_adr/build/lib/p2_kf_adr/kf_estimation.py -> /home/student/ros2_ws/src/p2_kf_adr/install/p2_kf_adr/lib/python3.10/site-packages/p2_kf_adr
[1.089s] copying /home/student/ros2_ws/src/p2_kf_adr/build/p2_kf_adr/build/lib/p2_kf_adr/filters/kalman_filter.py -> /home/student/ros2_ws/src/p2_kf_adr/install/p2_kf_adr/lib/python3.10/site-packages/p2_kf_adr/filters
[1.091s] byte-compiling /home/student/ros2_ws/src/p2_kf_adr/install/p2_kf_adr/lib/python3.10/site-packages/p2_kf_adr/kf_estimation.py to kf_estimation.cpython-310.pyc
[1.092s] byte-compiling /home/student/ros2_ws/src/p2_kf_adr/install/p2_kf_adr/lib/python3.10/site-packages/p2_kf_adr/filters/kalman_filter.py to kalman_filter.cpython-310.pyc
[1.093s] running install_data
[1.093s] running install_egg_info
[1.096s] removing '/home/student/ros2_ws/src/p2_kf_adr/install/p2_kf_adr/lib/python3.10/site-packages/p2_kf_adr-0.0.0-py3.10.egg-info' (and everything under it)
[1.096s] Copying build/p2_kf_adr/p2_kf_adr.egg-info to /home/student/ros2_ws/src/p2_kf_adr/install/p2_kf_adr/lib/python3.10/site-packages/p2_kf_adr-0.0.0-py3.10.egg-info
[1.098s] running install_scripts
[1.127s] Installing kf_estimation script to /home/student/ros2_ws/src/p2_kf_adr/install/p2_kf_adr/lib/p2_kf_adr
[1.127s] Installing kf_estimation_vel script to /home/student/ros2_ws/src/p2_kf_adr/install/p2_kf_adr/lib/p2_kf_adr
[1.127s] writing list of installed files to '/home/student/ros2_ws/src/p2_kf_adr/build/p2_kf_adr/install.log'
[1.157s] Invoked command in '/home/student/ros2_ws/src/p2_kf_adr' returned '0': PYTHONPATH=/home/student/ros2_ws/src/p2_kf_adr/build/p2_kf_adr/prefix_override:/usr/lib/python3/dist-packages/colcon_core/task/python/colcon_distutils_commands:/home/student/ros2_ws/src/p2_kf_adr/install/p2_kf_adr/lib/python3.10/site-packages:${PYTHONPATH} /usr/bin/python3 -W ignore:setup.py install is deprecated -W ignore:easy_install command is deprecated setup.py egg_info --egg-base build/p2_kf_adr build --build-base /home/student/ros2_ws/src/p2_kf_adr/build/p2_kf_adr/build install --record /home/student/ros2_ws/src/p2_kf_adr/build/p2_kf_adr/install.log --single-version-externally-managed install_data
